#
# There is insufficient memory for the Java Runtime Environment to continue.
# Native memory allocation (malloc) failed to allocate 65552 bytes for Chunk::new
# Possible reasons:
#   The system is out of physical RAM or swap space
#   The process is running with CompressedOops enabled, and the Java Heap may be blocking the growth of the native heap
# Possible solutions:
#   Reduce memory load on the system
#   Increase physical memory or swap space
#   Check if swap backing store is full
#   Decrease Java heap size (-Xmx/-Xms)
#   Decrease number of Java threads
#   Decrease Java thread stack sizes (-Xss)
#   Set larger code cache with -XX:ReservedCodeCacheSize=
#   JVM is running with Unscaled Compressed Oops mode in which the Java heap is
#     placed in the first 4GB address space. The Java Heap base address is the
#     maximum limit for the native heap growth. Please use -XX:HeapBaseMinAddress
#     to set the Java Heap base and to place the Java Heap above 4GB virtual address.
# This output file may be truncated or incomplete.
#
#  Out of Memory Error (allocation.cpp:389), pid=9136, tid=0x0000000000001d94
#
# JRE version: OpenJDK Runtime Environment (8.0_212-b04) (build 1.8.0_212-release-1586-b04)
# Java VM: OpenJDK 64-Bit Server VM (25.212-b04 mixed mode windows-amd64 compressed oops)
# Failed to write core dump. Minidumps are not enabled by default on client versions of Windows
#

---------------  T H R E A D  ---------------

Current thread (0x0000000016096000):  JavaThread "C2 CompilerThread0" daemon [_thread_in_native, id=7572, stack(0x00000000176f0000,0x00000000177f0000)]

Stack: [0x00000000176f0000,0x00000000177f0000]
[error occurred during error reporting (printing stack bounds), id 0xc0000005]

Native frames: (J=compiled Java code, j=interpreted, Vv=VM code, C=native code)


Current CompileTask:
C2:  21753 8759       4       java.lang.Class::privateGetPublicMethods (267 bytes)


---------------  P R O C E S S  ---------------

Java Threads: ( => current thread )
  0x000000001c340800 JavaThread "Memory manager" [_thread_blocked, id=1144, stack(0x0000000021bc0000,0x0000000021cc0000)]
  0x000000001c334000 JavaThread "Cache worker for Build Output Cleanup Cache (C:\Users\itchy\Desktop\DogWalk\.gradle\buildOutputCleanup)" [_thread_blocked, id=12956, stack(0x00000000210c0000,0x00000000211c0000)]
  0x000000001c33a800 JavaThread "Build operations Thread 4" [_thread_blocked, id=7788, stack(0x00000000209c0000,0x0000000020ac0000)]
  0x000000001c33a000 JavaThread "Build operations Thread 3" [_thread_in_Java, id=10176, stack(0x00000000208c0000,0x00000000209c0000)]
  0x000000001c339000 JavaThread "Build operations Thread 2" [_thread_blocked, id=2580, stack(0x00000000207c0000,0x00000000208c0000)]
  0x000000001c336000 JavaThread "Build operations" [_thread_blocked, id=8980, stack(0x00000000206c0000,0x00000000207c0000)]
  0x000000001c335800 JavaThread "Cache worker for execution history cache (C:\Users\itchy\.gradle\caches\5.6.4\executionHistory)" [_thread_blocked, id=6524, stack(0x000000001fdc0000,0x000000001fec0000)]
  0x000000001c338800 JavaThread "Cache worker for cache directory md-rule (C:\Users\itchy\.gradle\caches\5.6.4\md-rule)" [_thread_blocked, id=4760, stack(0x000000001fcc0000,0x000000001fdc0000)]
  0x000000001c334800 JavaThread "Cache worker for cache directory md-supplier (C:\Users\itchy\.gradle\caches\5.6.4\md-supplier)" [_thread_blocked, id=4312, stack(0x000000001c020000,0x000000001c120000)]
  0x00000000160b0800 JavaThread "Cache worker for file hash cache (C:\Users\itchy\Desktop\DogWalk\.gradle\5.6.4\fileHashes)" [_thread_blocked, id=6540, stack(0x000000001e560000,0x000000001e660000)]
  0x00000000160ac000 JavaThread "Cache worker for journal cache (C:\Users\itchy\.gradle\caches\journal-1)" [_thread_blocked, id=13092, stack(0x000000001be20000,0x000000001bf20000)]
  0x00000000160b2800 JavaThread "File lock request listener" [_thread_in_native, id=6700, stack(0x000000001bd20000,0x000000001be20000)]
  0x00000000160ae000 JavaThread "Cache worker for file hash cache (C:\Users\itchy\.gradle\caches\5.6.4\fileHashes)" [_thread_blocked, id=11544, stack(0x000000001bc20000,0x000000001bd20000)]
  0x0000000019b12800 JavaThread "Thread-9" [_thread_blocked, id=11856, stack(0x000000001b920000,0x000000001ba20000)]
  0x0000000019a70000 JavaThread "Stdin handler" [_thread_blocked, id=3512, stack(0x000000001b820000,0x000000001b920000)]
  0x0000000019a6c800 JavaThread "Asynchronous log dispatcher for DefaultDaemonConnection: socket connection from /127.0.0.1:60736 to /127.0.0.1:60737" [_thread_blocked, id=2800, stack(0x000000001b720000,0x000000001b820000)]
  0x0000000019a6b000 JavaThread "Daemon worker" [_thread_in_Java, id=1188, stack(0x000000001b620000,0x000000001b720000)]
  0x0000000019a61800 JavaThread "Cancel handler" [_thread_blocked, id=8224, stack(0x000000001b520000,0x000000001b620000)]
  0x0000000019a43800 JavaThread "Handler for socket connection from /127.0.0.1:60736 to /127.0.0.1:60737" [_thread_in_native, id=1964, stack(0x000000001b220000,0x000000001b320000)]
  0x0000000019a47800 JavaThread "Daemon" [_thread_blocked, id=11516, stack(0x000000001b120000,0x000000001b220000)]
  0x00000000199b8000 JavaThread "Daemon periodic checks" [_thread_blocked, id=4436, stack(0x000000001b020000,0x000000001b120000)]
  0x00000000199c1000 JavaThread "Incoming local TCP Connector on port 60736" [_thread_in_native, id=1468, stack(0x000000001add0000,0x000000001aed0000)]
  0x00000000194ab800 JavaThread "Daemon health stats" [_thread_blocked, id=11288, stack(0x000000001a790000,0x000000001a890000)]
  0x0000000017a38000 JavaThread "Service Thread" daemon [_thread_blocked, id=3652, stack(0x0000000017df0000,0x0000000017ef0000)]
  0x00000000160ad800 JavaThread "C1 CompilerThread2" daemon [_thread_in_native, id=11276, stack(0x00000000178f0000,0x00000000179f0000)]
  0x000000001609b800 JavaThread "C2 CompilerThread1" daemon [_thread_in_native, id=2096, stack(0x00000000177f0000,0x00000000178f0000)]
=>0x0000000016096000 JavaThread "C2 CompilerThread0" daemon [_thread_in_native, id=7572, stack(0x00000000176f0000,0x00000000177f0000)]
  0x0000000016094000 JavaThread "Attach Listener" daemon [_thread_blocked, id=10484, stack(0x00000000175f0000,0x00000000176f0000)]
  0x0000000016092800 JavaThread "Signal Dispatcher" daemon [_thread_blocked, id=11188, stack(0x00000000174f0000,0x00000000175f0000)]
  0x0000000002719800 JavaThread "Finalizer" daemon [_thread_blocked, id=5456, stack(0x00000000172e0000,0x00000000173e0000)]
  0x0000000002711000 JavaThread "Reference Handler" daemon [_thread_blocked, id=12076, stack(0x00000000171e0000,0x00000000172e0000)]
  0x0000000002622800 JavaThread "main" [_thread_blocked, id=12784, stack(0x0000000002470000,0x0000000002570000)]

Other Threads:
  0x0000000016056000 VMThread [stack: 0x00000000170e0000,0x00000000171e0000] [id=8128]
  0x00000000160ed000 WatcherThread [stack: 0x0000000017ef0000,0x0000000017ff0000] [id=8584]

VM state:not at safepoint (normal execution)

VM Mutex/Monitor currently owned by a thread: None

heap address: 0x00000000a0000000, size: 1536 MB, Compressed Oops mode: 32-bit
Narrow klass base: 0x0000000000000000, Narrow klass shift: 3
Compressed class space size: 1073741824 Address: 0x0000000100000000

Heap:
 PSYoungGen      total 162304K, used 59167K [0x00000000e0000000, 0x00000000ed900000, 0x0000000100000000)
  eden space 144384K, 28% used [0x00000000e0000000,0x00000000e284c208,0x00000000e8d00000)
  from space 17920K, 99% used [0x00000000ea400000,0x00000000eb57bd50,0x00000000eb580000)
  to   space 23552K, 0% used [0x00000000e8d00000,0x00000000e8d00000,0x00000000ea400000)
 ParOldGen       total 144384K, used 37298K [0x00000000a0000000, 0x00000000a8d00000, 0x00000000e0000000)
  object space 144384K, 25% used [0x00000000a0000000,0x00000000a246c860,0x00000000a8d00000)
 Metaspace       used 70572K, capacity 73566K, committed 73856K, reserved 1112064K
  class space    used 9670K, capacity 10280K, committed 10368K, reserved 1048576K

Card table byte_map: [0x0000000011ae0000,0x0000000011df0000] byte_map_base: 0x00000000115e0000

Marking Bits: (ParMarkBitMap*) 0x000000006dd59f30
 Begin Bits: [0x00000000123f0000, 0x0000000013bf0000)
 End Bits:   [0x0000000013bf0000, 0x00000000153f0000)

Polling page: 0x0000000000810000

CodeCache: size=245760Kb used=25690Kb max_used=25690Kb free=220069Kb
 bounds [0x0000000002720000, 0x0000000004050000, 0x0000000011720000]
 total_blobs=8890 nmethods=8080 adapters=721
 compilation: enabled

Compilation events (10 events):
Event: 21.740 Thread 0x00000000160ad800 9063       3       com.google.common.collect.RegularImmutableMap$KeysOrValuesAsList::<init> (20 bytes)
Event: 21.740 Thread 0x00000000160ad800 nmethod 9063 0x000000000404b090 code [0x000000000404b200, 0x000000000404b4f0]
Event: 21.741 Thread 0x00000000160ad800 9064       3       org.gradle.api.internal.file.IdentityFileResolver::<init> (6 bytes)
Event: 21.742 Thread 0x00000000160ad800 nmethod 9064 0x0000000004046450 code [0x0000000004046660, 0x0000000004046ec8]
Event: 21.744 Thread 0x00000000160ad800 9065       3       org.gradle.api.internal.artifacts.transform.TransformingAsyncArtifactListener::lambda$createTransformationResult$0 (60 bytes)
Event: 21.745 Thread 0x00000000160ad800 nmethod 9065 0x000000000404cf10 code [0x000000000404d140, 0x000000000404de18]
Event: 21.746 Thread 0x00000000160ad800 9066       3       org.gradle.api.internal.artifacts.transform.TransformationSubject$InitialArtifactTransformationSubject::getDisplayName (28 bytes)
Event: 21.747 Thread 0x00000000160ad800 nmethod 9066 0x0000000004045790 code [0x0000000004045960, 0x0000000004046138]
Event: 21.751 Thread 0x00000000160ad800 9067       3       java.lang.Thread::getId (5 bytes)
Event: 21.751 Thread 0x00000000160ad800 nmethod 9067 0x000000000404ad90 code [0x000000000404aee0, 0x000000000404b030]

GC Heap History (10 events):
Event: 14.388 GC heap before
{Heap before GC invocations=13 (full 2):
 PSYoungGen      total 135168K, used 134680K [0x00000000e0000000, 0x00000000e9980000, 0x0000000100000000)
  eden space 122880K, 100% used [0x00000000e0000000,0x00000000e7800000,0x00000000e7800000)
  from space 12288K, 96% used [0x00000000e8d80000,0x00000000e9906358,0x00000000e9980000)
  to   space 13824K, 0% used [0x00000000e7e80000,0x00000000e7e80000,0x00000000e8c00000)
 ParOldGen       total 98304K, used 18125K [0x00000000a0000000, 0x00000000a6000000, 0x00000000e0000000)
  object space 98304K, 18% used [0x00000000a0000000,0x00000000a11b35a8,0x00000000a6000000)
 Metaspace       used 53723K, capacity 55474K, committed 55680K, reserved 1097728K
  class space    used 7295K, capacity 7717K, committed 7808K, reserved 1048576K
Event: 14.415 GC heap after
Heap after GC invocations=13 (full 2):
 PSYoungGen      total 143360K, used 13814K [0x00000000e0000000, 0x00000000eb580000, 0x0000000100000000)
  eden space 129536K, 0% used [0x00000000e0000000,0x00000000e0000000,0x00000000e7e80000)
  from space 13824K, 99% used [0x00000000e7e80000,0x00000000e8bfd8f0,0x00000000e8c00000)
  to   space 17920K, 0% used [0x00000000ea400000,0x00000000ea400000,0x00000000eb580000)
 ParOldGen       total 98304K, used 24747K [0x00000000a0000000, 0x00000000a6000000, 0x00000000e0000000)
  object space 98304K, 25% used [0x00000000a0000000,0x00000000a182ad18,0x00000000a6000000)
 Metaspace       used 53723K, capacity 55474K, committed 55680K, reserved 1097728K
  class space    used 7295K, capacity 7717K, committed 7808K, reserved 1048576K
}
Event: 15.513 GC heap before
{Heap before GC invocations=14 (full 2):
 PSYoungGen      total 143360K, used 72937K [0x00000000e0000000, 0x00000000eb580000, 0x0000000100000000)
  eden space 129536K, 45% used [0x00000000e0000000,0x00000000e39bccf0,0x00000000e7e80000)
  from space 13824K, 99% used [0x00000000e7e80000,0x00000000e8bfd8f0,0x00000000e8c00000)
  to   space 17920K, 0% used [0x00000000ea400000,0x00000000ea400000,0x00000000eb580000)
 ParOldGen       total 98304K, used 24747K [0x00000000a0000000, 0x00000000a6000000, 0x00000000e0000000)
  object space 98304K, 25% used [0x00000000a0000000,0x00000000a182ad18,0x00000000a6000000)
 Metaspace       used 57132K, capacity 59004K, committed 59160K, reserved 1099776K
  class space    used 7785K, capacity 8209K, committed 8320K, reserved 1048576K
Event: 15.553 GC heap after
Heap after GC invocations=14 (full 2):
 PSYoungGen      total 165376K, used 17900K [0x00000000e0000000, 0x00000000ec880000, 0x0000000100000000)
  eden space 147456K, 0% used [0x00000000e0000000,0x00000000e0000000,0x00000000e9000000)
  from space 17920K, 99% used [0x00000000ea400000,0x00000000eb57b3d8,0x00000000eb580000)
  to   space 20480K, 0% used [0x00000000e9000000,0x00000000e9000000,0x00000000ea400000)
 ParOldGen       total 98304K, used 24986K [0x00000000a0000000, 0x00000000a6000000, 0x00000000e0000000)
  object space 98304K, 25% used [0x00000000a0000000,0x00000000a1866910,0x00000000a6000000)
 Metaspace       used 57132K, capacity 59004K, committed 59160K, reserved 1099776K
  class space    used 7785K, capacity 8209K, committed 8320K, reserved 1048576K
}
Event: 15.553 GC heap before
{Heap before GC invocations=15 (full 3):
 PSYoungGen      total 165376K, used 17900K [0x00000000e0000000, 0x00000000ec880000, 0x0000000100000000)
  eden space 147456K, 0% used [0x00000000e0000000,0x00000000e0000000,0x00000000e9000000)
  from space 17920K, 99% used [0x00000000ea400000,0x00000000eb57b3d8,0x00000000eb580000)
  to   space 20480K, 0% used [0x00000000e9000000,0x00000000e9000000,0x00000000ea400000)
 ParOldGen       total 98304K, used 24986K [0x00000000a0000000, 0x00000000a6000000, 0x00000000e0000000)
  object space 98304K, 25% used [0x00000000a0000000,0x00000000a1866910,0x00000000a6000000)
 Metaspace       used 57132K, capacity 59004K, committed 59160K, reserved 1099776K
  class space    used 7785K, capacity 8209K, committed 8320K, reserved 1048576K
Event: 15.943 GC heap after
Heap after GC invocations=15 (full 3):
 PSYoungGen      total 165376K, used 0K [0x00000000e0000000, 0x00000000ec880000, 0x0000000100000000)
  eden space 147456K, 0% used [0x00000000e0000000,0x00000000e0000000,0x00000000e9000000)
  from space 17920K, 0% used [0x00000000ea400000,0x00000000ea400000,0x00000000eb580000)
  to   space 20480K, 0% used [0x00000000e9000000,0x00000000e9000000,0x00000000ea400000)
 ParOldGen       total 144384K, used 32945K [0x00000000a0000000, 0x00000000a8d00000, 0x00000000e0000000)
  object space 144384K, 22% used [0x00000000a0000000,0x00000000a202c448,0x00000000a8d00000)
 Metaspace       used 57129K, capacity 58992K, committed 59160K, reserved 1099776K
  class space    used 7784K, capacity 8207K, committed 8320K, reserved 1048576K
}
Event: 18.811 GC heap before
{Heap before GC invocations=16 (full 3):
 PSYoungGen      total 165376K, used 147456K [0x00000000e0000000, 0x00000000ec880000, 0x0000000100000000)
  eden space 147456K, 100% used [0x00000000e0000000,0x00000000e9000000,0x00000000e9000000)
  from space 17920K, 0% used [0x00000000ea400000,0x00000000ea400000,0x00000000eb580000)
  to   space 20480K, 0% used [0x00000000e9000000,0x00000000e9000000,0x00000000ea400000)
 ParOldGen       total 144384K, used 32945K [0x00000000a0000000, 0x00000000a8d00000, 0x00000000e0000000)
  object space 144384K, 22% used [0x00000000a0000000,0x00000000a202c448,0x00000000a8d00000)
 Metaspace       used 62481K, capacity 64956K, committed 65024K, reserved 1105920K
  class space    used 8619K, capacity 9177K, committed 9216K, reserved 1048576K
Event: 18.833 GC heap after
Heap after GC invocations=16 (full 3):
 PSYoungGen      total 167936K, used 11969K [0x00000000e0000000, 0x00000000ec880000, 0x0000000100000000)
  eden space 147456K, 0% used [0x00000000e0000000,0x00000000e0000000,0x00000000e9000000)
  from space 20480K, 58% used [0x00000000e9000000,0x00000000e9bb06b0,0x00000000ea400000)
  to   space 17920K, 0% used [0x00000000ea400000,0x00000000ea400000,0x00000000eb580000)
 ParOldGen       total 144384K, used 32953K [0x00000000a0000000, 0x00000000a8d00000, 0x00000000e0000000)
  object space 144384K, 22% used [0x00000000a0000000,0x00000000a202e448,0x00000000a8d00000)
 Metaspace       used 62481K, capacity 64956K, committed 65024K, reserved 1105920K
  class space    used 8619K, capacity 9177K, committed 9216K, reserved 1048576K
}
Event: 20.893 GC heap before
{Heap before GC invocations=17 (full 3):
 PSYoungGen      total 167936K, used 159425K [0x00000000e0000000, 0x00000000ec880000, 0x0000000100000000)
  eden space 147456K, 100% used [0x00000000e0000000,0x00000000e9000000,0x00000000e9000000)
  from space 20480K, 58% used [0x00000000e9000000,0x00000000e9bb06b0,0x00000000ea400000)
  to   space 17920K, 0% used [0x00000000ea400000,0x00000000ea400000,0x00000000eb580000)
 ParOldGen       total 144384K, used 32953K [0x00000000a0000000, 0x00000000a8d00000, 0x00000000e0000000)
  object space 144384K, 22% used [0x00000000a0000000,0x00000000a202e448,0x00000000a8d00000)
 Metaspace       used 69922K, capacity 72836K, committed 72960K, reserved 1112064K
  class space    used 9584K, capacity 10173K, committed 10240K, reserved 1048576K
Event: 20.920 GC heap after
Heap after GC invocations=17 (full 3):
 PSYoungGen      total 162304K, used 17903K [0x00000000e0000000, 0x00000000ed900000, 0x0000000100000000)
  eden space 144384K, 0% used [0x00000000e0000000,0x00000000e0000000,0x00000000e8d00000)
  from space 17920K, 99% used [0x00000000ea400000,0x00000000eb57bd50,0x00000000eb580000)
  to   space 23552K, 0% used [0x00000000e8d00000,0x00000000e8d00000,0x00000000ea400000)
 ParOldGen       total 144384K, used 37298K [0x00000000a0000000, 0x00000000a8d00000, 0x00000000e0000000)
  object space 144384K, 25% used [0x00000000a0000000,0x00000000a246c860,0x00000000a8d00000)
 Metaspace       used 69922K, capacity 72836K, committed 72960K, reserved 1112064K
  class space    used 9584K, capacity 10173K, committed 10240K, reserved 1048576K
}

Deoptimization events (10 events):
Event: 20.600 Thread 0x000000001c339000 Uncommon trap: reason=unstable_if action=reinterpret pc=0x0000000003581f90 method=java.util.concurrent.ConcurrentHashMap.addCount(JI)V @ 97
Event: 20.669 Thread 0x0000000019a6b000 Uncommon trap: reason=unstable_if action=reinterpret pc=0x0000000003edef10 method=com.esotericsoftware.kryo.io.Input.readAscii()Ljava/lang/String; @ 23
Event: 20.708 Thread 0x000000001c339000 Uncommon trap: reason=unstable_if action=reinterpret pc=0x00000000032a5524 method=java.util.concurrent.ConcurrentHashMap.addCount(JI)V @ 97
Event: 20.846 Thread 0x0000000019a6b000 Uncommon trap: reason=class_check action=maybe_recompile pc=0x0000000002d01c00 method=java.lang.Throwable.<init>(Ljava/lang/String;Ljava/lang/Throwable;)V @ 24
Event: 20.957 Thread 0x0000000019a6b000 Uncommon trap: reason=class_check action=maybe_recompile pc=0x0000000002d01c00 method=java.lang.Throwable.<init>(Ljava/lang/String;Ljava/lang/Throwable;)V @ 24
Event: 21.181 Thread 0x000000001c336000 Uncommon trap: reason=class_check action=maybe_recompile pc=0x000000000340f3fc method=com.google.common.cache.LocalCache$Segment.get(Ljava/lang/Object;I)Ljava/lang/Object; @ 49
Event: 21.183 Thread 0x000000001c335800 Uncommon trap: reason=unstable_if action=reinterpret pc=0x0000000003acfa80 method=com.esotericsoftware.kryo.io.Input.readVarInt(Z)I @ 42
Event: 21.183 Thread 0x000000001c335800 Uncommon trap: reason=unstable_if action=reinterpret pc=0x000000000296f8e0 method=com.esotericsoftware.kryo.io.Input.readUtf8(I)V @ 79
Event: 21.464 Thread 0x000000001c335800 Uncommon trap: reason=unstable_if action=reinterpret pc=0x0000000003a589f4 method=com.esotericsoftware.kryo.io.Input.readVarInt(Z)I @ 42
Event: 21.654 Thread 0x000000001c33a800 Uncommon trap: reason=unstable_if action=reinterpret pc=0x0000000003d335a4 method=java.util.concurrent.ConcurrentHashMap.addCount(JI)V @ 97

Classes redefined (0 events):
No events

Internal exceptions (10 events):
Event: 19.697 Thread 0x0000000019a6b000 Exception <a 'java/lang/NoSuchMethodError': java.lang.Object.lambda$flatMap$0(Ljava/lang/Throwable;)Lorg/gradle/api/internal/artifacts/transform/CacheableInvocation;> (0x00000000e31db2f0) thrown at [D:\src\AOSP-openjdk-cygwin\jdk8u\hotspot\src\share\vm\in
Event: 20.891 Thread 0x0000000019a6b000 Exception <a 'java/lang/ClassNotFoundException': com/android/build/gradle/tasks/factory/AndroidUnitTest_DecoratedBeanInfo> (0x00000000e8fc5e58) thrown at [D:\src\AOSP-openjdk-cygwin\jdk8u\hotspot\src\share\vm\classfile\systemDictionary.cpp, line 210]
Event: 20.892 Thread 0x0000000019a6b000 Exception <a 'java/lang/ClassNotFoundException': com/android/build/gradle/tasks/factory/AndroidUnitTestBeanInfo> (0x00000000e8fe27a8) thrown at [D:\src\AOSP-openjdk-cygwin\jdk8u\hotspot\src\share\vm\classfile\systemDictionary.cpp, line 210]
Event: 20.921 Thread 0x0000000019a6b000 Exception <a 'java/lang/ClassNotFoundException': org/gradle/api/tasks/testing/TestBeanInfo> (0x00000000e0005340) thrown at [D:\src\AOSP-openjdk-cygwin\jdk8u\hotspot\src\share\vm\classfile\systemDictionary.cpp, line 210]
Event: 20.922 Thread 0x0000000019a6b000 Exception <a 'java/lang/ClassNotFoundException': org/gradle/api/tasks/testing/AbstractTestTaskBeanInfo> (0x00000000e002f5c8) thrown at [D:\src\AOSP-openjdk-cygwin\jdk8u\hotspot\src\share\vm\classfile\systemDictionary.cpp, line 210]
Event: 20.923 Thread 0x0000000019a6b000 Exception <a 'java/lang/ClassNotFoundException': org/gradle/api/tasks/testing/AbstractTestTaskCustomizer> (0x00000000e0059f80) thrown at [D:\src\AOSP-openjdk-cygwin\jdk8u\hotspot\src\share\vm\classfile\systemDictionary.cpp, line 210]
Event: 20.924 Thread 0x0000000019a6b000 Exception <a 'java/lang/ClassNotFoundException': org/gradle/api/tasks/testing/TestCustomizer> (0x00000000e00aabb0) thrown at [D:\src\AOSP-openjdk-cygwin\jdk8u\hotspot\src\share\vm\classfile\systemDictionary.cpp, line 210]
Event: 20.929 Thread 0x0000000019a6b000 Exception <a 'java/lang/ClassNotFoundException': com/android/build/gradle/tasks/factory/AndroidUnitTestCustomizer> (0x00000000e01a4a48) thrown at [D:\src\AOSP-openjdk-cygwin\jdk8u\hotspot\src\share\vm\classfile\systemDictionary.cpp, line 210]
Event: 20.930 Thread 0x0000000019a6b000 Exception <a 'java/lang/ClassNotFoundException': com/android/build/gradle/tasks/factory/AndroidUnitTest_DecoratedCustomizer> (0x00000000e01e7908) thrown at [D:\src\AOSP-openjdk-cygwin\jdk8u\hotspot\src\share\vm\classfile\systemDictionary.cpp, line 210]
Event: 21.096 Thread 0x0000000019a6b000 Exception <a 'java/lang/NoSuchMethodError': java.lang.Object.lambda$minBy$0(Ljava/util/Comparator;Ljava/lang/Object;Ljava/lang/Object;)Ljava/lang/Object;> (0x00000000e0701130) thrown at [D:\src\AOSP-openjdk-cygwin\jdk8u\hotspot\src\share\vm\interpreter\li

Events (10 events):
Event: 21.501 Thread 0x00000000160ad800 flushing nmethod 0x00000000032b2f10
Event: 21.505 Thread 0x00000000160ad800 flushing nmethod 0x0000000003309190
Event: 21.506 Thread 0x00000000160ad800 flushing nmethod 0x0000000003394410
Event: 21.507 Thread 0x00000000160ad800 flushing nmethod 0x000000000362bad0
Event: 21.515 Thread 0x00000000160ad800 flushing nmethod 0x00000000039fce10
Event: 21.515 Thread 0x00000000160ad800 flushing nmethod 0x0000000003a42990
Event: 21.515 Thread 0x00000000160ad800 flushing nmethod 0x0000000003a432d0
Event: 21.654 Thread 0x000000001c33a800 Uncommon trap: trap_request=0xffffff65 fr.pc=0x0000000003d335a4
Event: 21.654 Thread 0x000000001c33a800 DEOPT PACKING pc=0x0000000003d335a4 sp=0x0000000020abe780
Event: 21.654 Thread 0x000000001c33a800 DEOPT UNPACKING pc=0x000000000276557b sp=0x0000000020abe670 mode 2


Dynamic libraries:
0x00007ff726dc0000 - 0x00007ff726df1000 	P:\Android Studio\jre\bin\java.exe
0x00007ffeb3900000 - 0x00007ffeb3af0000 	C:\Windows\SYSTEM32\ntdll.dll
0x00007ffeb2090000 - 0x00007ffeb2142000 	C:\Windows\System32\KERNEL32.DLL
0x00007ffeb0890000 - 0x00007ffeb0b33000 	C:\Windows\System32\KERNELBASE.dll
0x00007ffeae950000 - 0x00007ffeae9df000 	C:\Windows\SYSTEM32\apphelp.dll
0x00007ffeb1f40000 - 0x00007ffeb1fe3000 	C:\Windows\System32\ADVAPI32.dll
0x00007ffeb1ff0000 - 0x00007ffeb208e000 	C:\Windows\System32\msvcrt.dll
0x00007ffeb2150000 - 0x00007ffeb21e7000 	C:\Windows\System32\sechost.dll
0x00007ffeb1e20000 - 0x00007ffeb1f40000 	C:\Windows\System32\RPCRT4.dll
0x00007ffeb3460000 - 0x00007ffeb35f4000 	C:\Windows\System32\USER32.dll
0x00007ffeb1930000 - 0x00007ffeb1951000 	C:\Windows\System32\win32u.dll
0x00007ffeb2b10000 - 0x00007ffeb2b36000 	C:\Windows\System32\GDI32.dll
0x00007ffeb0d50000 - 0x00007ffeb0ee4000 	C:\Windows\System32\gdi32full.dll
0x00007ffeb0ef0000 - 0x00007ffeb0f8e000 	C:\Windows\System32\msvcp_win.dll
0x00007ffeb0bf0000 - 0x00007ffeb0cea000 	C:\Windows\System32\ucrtbase.dll
0x00007ffea0be0000 - 0x00007ffea0e65000 	C:\Windows\WinSxS\amd64_microsoft.windows.common-controls_6595b64144ccf1df_6.0.18362.778_none_e6c6b761130d4fb8\COMCTL32.dll
0x00007ffeb27b0000 - 0x00007ffeb2ae6000 	C:\Windows\System32\combase.dll
0x00007ffeb1760000 - 0x00007ffeb17e0000 	C:\Windows\System32\bcryptPrimitives.dll
0x00007ffeb24f0000 - 0x00007ffeb251e000 	C:\Windows\System32\IMM32.DLL
0x000000006d3d0000 - 0x000000006d4a2000 	P:\Android Studio\jre\jre\bin\msvcr100.dll
0x000000006d590000 - 0x000000006ddd6000 	P:\Android Studio\jre\jre\bin\server\jvm.dll
0x00007ffeb2b40000 - 0x00007ffeb2b48000 	C:\Windows\System32\PSAPI.DLL
0x00007ffeada30000 - 0x00007ffeada54000 	C:\Windows\SYSTEM32\WINMM.dll
0x00007ffeae380000 - 0x00007ffeae389000 	C:\Windows\SYSTEM32\WSOCK32.dll
0x00007ffeb3320000 - 0x00007ffeb338f000 	C:\Windows\System32\WS2_32.dll
0x00007ffea6450000 - 0x00007ffea645a000 	C:\Windows\SYSTEM32\VERSION.dll
0x00007ffeada00000 - 0x00007ffeada2d000 	C:\Windows\SYSTEM32\WINMMBASE.dll
0x00007ffeb1960000 - 0x00007ffeb19aa000 	C:\Windows\System32\cfgmgr32.dll
0x00007ffeae350000 - 0x00007ffeae35f000 	P:\Android Studio\jre\jre\bin\verify.dll
0x00007ffead080000 - 0x00007ffead0a9000 	P:\Android Studio\jre\jre\bin\java.dll
0x00007ffeae330000 - 0x00007ffeae346000 	P:\Android Studio\jre\jre\bin\zip.dll
0x00007ffeb2c30000 - 0x00007ffeb3315000 	C:\Windows\System32\SHELL32.dll
0x00007ffeb25a0000 - 0x00007ffeb2649000 	C:\Windows\System32\shcore.dll
0x00007ffeb0fb0000 - 0x00007ffeb1730000 	C:\Windows\System32\windows.storage.dll
0x00007ffeb0860000 - 0x00007ffeb0883000 	C:\Windows\System32\profapi.dll
0x00007ffeb07d0000 - 0x00007ffeb081a000 	C:\Windows\System32\powrprof.dll
0x00007ffeb07c0000 - 0x00007ffeb07d0000 	C:\Windows\System32\UMPDC.dll
0x00007ffeb2200000 - 0x00007ffeb2252000 	C:\Windows\System32\shlwapi.dll
0x00007ffeb0840000 - 0x00007ffeb0851000 	C:\Windows\System32\kernel.appcore.dll
0x00007ffeb0f90000 - 0x00007ffeb0fa7000 	C:\Windows\System32\cryptsp.dll
0x00007ffead060000 - 0x00007ffead07a000 	P:\Android Studio\jre\jre\bin\net.dll
0x00007ffea3660000 - 0x00007ffea3835000 	C:\Windows\SYSTEM32\urlmon.dll
0x00007ffea33b0000 - 0x00007ffea3656000 	C:\Windows\SYSTEM32\iertutil.dll
0x00007ffeb0200000 - 0x00007ffeb020c000 	C:\Windows\SYSTEM32\CRYPTBASE.DLL
0x00007ffeb0030000 - 0x00007ffeb0097000 	C:\Windows\system32\mswsock.dll
0x00007ffeaa8e0000 - 0x00007ffeaa8f3000 	P:\Android Studio\jre\jre\bin\nio.dll
0x00007ffe8e7b0000 - 0x00007ffe8e7d6000 	C:\Users\itchy\.gradle\native\30\windows-amd64\native-platform.dll
0x00007ffeaaa20000 - 0x00007ffeaaa2d000 	P:\Android Studio\jre\jre\bin\management.dll
0x00007ffeafba0000 - 0x00007ffeafbd3000 	C:\Windows\system32\rsaenh.dll
0x00007ffeb1730000 - 0x00007ffeb1756000 	C:\Windows\System32\bcrypt.dll
0x00007ffeb06e0000 - 0x00007ffeb0705000 	C:\Windows\SYSTEM32\USERENV.dll
0x00007ffeafd40000 - 0x00007ffeafd7a000 	C:\Windows\SYSTEM32\IPHLPAPI.DLL
0x00007ffeb2bc0000 - 0x00007ffeb2bc8000 	C:\Windows\System32\NSI.dll
0x00007ffea6a70000 - 0x00007ffea6a86000 	C:\Windows\SYSTEM32\dhcpcsvc6.DLL
0x00007ffea69d0000 - 0x00007ffea69ec000 	C:\Windows\SYSTEM32\dhcpcsvc.DLL
0x00007ffeafd80000 - 0x00007ffeafe4a000 	C:\Windows\SYSTEM32\DNSAPI.dll

VM Arguments:
jvm_args: -Xmx1536m -Dfile.encoding=windows-1251 -Duser.country=RU -Duser.language=ru -Duser.variant 
java_command: org.gradle.launcher.daemon.bootstrap.GradleDaemon 5.6.4
java_class_path (initial): C:\Users\itchy\.gradle\wrapper\dists\gradle-5.6.4-all\ankdp27end7byghfw1q2sw75f\gradle-5.6.4\lib\gradle-launcher-5.6.4.jar
Launcher Type: SUN_STANDARD

Environment Variables:
JAVA_HOME=P:\Java JDK
PATH=C:\Windows\system32;C:\Windows;C:\Windows\System32\Wbem;C:\Windows\System32\WindowsPowerShell\v1.0\;C:\Windows\System32\OpenSSH\;P:\Git\cmd;C:\Users\itchy\AppData\Local\Microsoft\WindowsApps;;P:\IntelliJ IDEA 2018.3.2\bin;
USERNAME=itchy
OS=Windows_NT
PROCESSOR_IDENTIFIER=Intel64 Family 6 Model 61 Stepping 4, GenuineIntel



---------------  S Y S T E M  ---------------

OS: Windows 10.0 , 64 bit Build 18362 (10.0.18362.778)

CPU:total 4 (initial active 4) (2 cores per cpu, 2 threads per core) family 6 model 61 stepping 4, cmov, cx8, fxsr, mmx, sse, sse2, sse3, ssse3, sse4.1, sse4.2, popcnt, avx, avx2, aes, clmul, erms, 3dnowpref, lzcnt, ht, tsc, tscinvbit, bmi1, bmi2, adx

Memory: 4k page, physical 8301008k(1020596k free), swap 10365392k(5124k free)

vm_info: OpenJDK 64-Bit Server VM (25.212-b04) for windows-amd64 JRE (1.8.0_212-release-1586-b04), built by "builder" with MS VC++ 10.0 (VS2010)

time: Tue May 05 01:21:22 2020
timezone: Беларусь (зима)
elapsed time: 21 seconds (0d 0h 0m 21s)

