#
# There is insufficient memory for the Java Runtime Environment to continue.
# Native memory allocation (malloc) failed to allocate 32744 bytes for ChunkPool::allocate
# Possible reasons:
#   The system is out of physical RAM or swap space
#   The process is running with CompressedOops enabled, and the Java Heap may be blocking the growth of the native heap
# Possible solutions:
#   Reduce memory load on the system
#   Increase physical memory or swap space
#   Check if swap backing store is full
#   Decrease Java heap size (-Xmx/-Xms)
#   Decrease number of Java threads
#   Decrease Java thread stack sizes (-Xss)
#   Set larger code cache with -XX:ReservedCodeCacheSize=
#   JVM is running with Unscaled Compressed Oops mode in which the Java heap is
#     placed in the first 4GB address space. The Java Heap base address is the
#     maximum limit for the native heap growth. Please use -XX:HeapBaseMinAddress
#     to set the Java Heap base and to place the Java Heap above 4GB virtual address.
# This output file may be truncated or incomplete.
#
#  Out of Memory Error (allocation.cpp:272), pid=8780, tid=0x0000000000000a24
#
# JRE version: OpenJDK Runtime Environment (8.0_212-b04) (build 1.8.0_212-release-1586-b04)
# Java VM: OpenJDK 64-Bit Server VM (25.212-b04 mixed mode windows-amd64 compressed oops)
# Failed to write core dump. Minidumps are not enabled by default on client versions of Windows
#

---------------  T H R E A D  ---------------

Current thread (0x0000000017af9000):  JavaThread "C1 CompilerThread2" daemon [_thread_in_native, id=2596, stack(0x0000000019380000,0x0000000019480000)]

Stack: [0x0000000019380000,0x0000000019480000]
[error occurred during error reporting (printing stack bounds), id 0xc0000005]

Native frames: (J=compiled Java code, j=interpreted, Vv=VM code, C=native code)


Current CompileTask:
C1:   8114 4728       3       org.jetbrains.kotlin.com.intellij.openapi.util.NotNullLazyKey::getValue (84 bytes)


---------------  P R O C E S S  ---------------

Java Threads: ( => current thread )
  0x00000000194bb800 JavaThread "Service Thread" daemon [_thread_blocked, id=3212, stack(0x0000000019880000,0x0000000019980000)]
=>0x0000000017af9000 JavaThread "C1 CompilerThread2" daemon [_thread_in_native, id=2596, stack(0x0000000019380000,0x0000000019480000)]
  0x0000000017af5800 JavaThread "C2 CompilerThread1" daemon [_thread_in_native, id=1468, stack(0x0000000019280000,0x0000000019380000)]
  0x0000000017aed800 JavaThread "C2 CompilerThread0" daemon [_thread_in_native, id=7056, stack(0x0000000019180000,0x0000000019280000)]
  0x0000000017aeb800 JavaThread "Attach Listener" daemon [_thread_blocked, id=13432, stack(0x0000000019080000,0x0000000019180000)]
  0x0000000017aea000 JavaThread "Signal Dispatcher" daemon [_thread_blocked, id=13540, stack(0x0000000018f80000,0x0000000019080000)]
  0x0000000017acc800 JavaThread "Finalizer" daemon [_thread_blocked, id=14204, stack(0x0000000018d70000,0x0000000018e70000)]
  0x0000000002f67800 JavaThread "Reference Handler" daemon [_thread_blocked, id=5376, stack(0x0000000018c70000,0x0000000018d70000)]
  0x0000000002e78000 JavaThread "main" [_thread_in_vm, id=13400, stack(0x0000000002d40000,0x0000000002e40000)]

Other Threads:
  0x0000000017aa7000 VMThread [stack: 0x0000000018b70000,0x0000000018c70000] [id=1684]
  0x00000000194c7000 WatcherThread [stack: 0x0000000019980000,0x0000000019a80000] [id=4348]

VM state:not at safepoint (normal execution)

VM Mutex/Monitor currently owned by a thread: None

heap address: 0x0000000081400000, size: 2028 MB, Compressed Oops mode: 32-bit
Narrow klass base: 0x0000000000000000, Narrow klass shift: 3
Compressed class space size: 1073741824 Address: 0x0000000100000000

Heap:
 PSYoungGen      total 68608K, used 39304K [0x00000000d5c00000, 0x00000000db900000, 0x0000000100000000)
  eden space 63488K, 53% used [0x00000000d5c00000,0x00000000d7d669c8,0x00000000d9a00000)
  from space 5120K, 99% used [0x00000000d9d00000,0x00000000da1fb7e8,0x00000000da200000)
  to   space 15872K, 0% used [0x00000000da980000,0x00000000da980000,0x00000000db900000)
 ParOldGen       total 68096K, used 36347K [0x0000000081400000, 0x0000000085680000, 0x00000000d5c00000)
  object space 68096K, 53% used [0x0000000081400000,0x000000008377ee38,0x0000000085680000)
 Metaspace       used 41924K, capacity 42652K, committed 43056K, reserved 1087488K
  class space    used 5142K, capacity 5308K, committed 5424K, reserved 1048576K

Card table byte_map: [0x0000000012330000,0x0000000012730000] byte_map_base: 0x0000000011f26000

Marking Bits: (ParMarkBitMap*) 0x000000006dd59f30
 Begin Bits: [0x0000000012de0000, 0x0000000014d90000)
 End Bits:   [0x0000000014d90000, 0x0000000016d40000)

Polling page: 0x0000000001360000

CodeCache: size=245760Kb used=15113Kb max_used=15113Kb free=230646Kb
 bounds [0x0000000002f70000, 0x0000000003e40000, 0x0000000011f70000]
 total_blobs=5162 nmethods=4702 adapters=372
 compilation: enabled

Compilation events (10 events):
Event: 8.106 Thread 0x0000000017af9000 nmethod 4721 0x0000000003e3b810 code [0x0000000003e3b960, 0x0000000003e3bb10]
Event: 8.106 Thread 0x0000000017af9000 4722       3       org.jetbrains.kotlin.metadata.ProtoBuf$Property::hasReturnType (18 bytes)
Event: 8.106 Thread 0x0000000017af9000 nmethod 4722 0x0000000003e3bb90 code [0x0000000003e3bce0, 0x0000000003e3be90]
Event: 8.106 Thread 0x0000000017af9000 4723       3       org.jetbrains.kotlin.metadata.ProtoBuf$Property::hasReceiverType (18 bytes)
Event: 8.106 Thread 0x0000000017af9000 nmethod 4723 0x0000000003e3bf10 code [0x0000000003e3c060, 0x0000000003e3c210]
Event: 8.106 Thread 0x0000000017af9000 4724       3       org.jetbrains.kotlin.metadata.ProtoBuf$Property::hasSetterValueParameter (20 bytes)
Event: 8.107 Thread 0x0000000017af9000 nmethod 4724 0x0000000003e3c290 code [0x0000000003e3c3e0, 0x0000000003e3c590]
Event: 8.107 Thread 0x0000000017af9000 4726       3       org.jetbrains.kotlin.metadata.ProtoBuf$PackageFragment::getClass_ (14 bytes)
Event: 8.107 Thread 0x0000000017af9000 nmethod 4726 0x0000000003e3c610 code [0x0000000003e3c780, 0x0000000003e3ca88]
Event: 8.112 Thread 0x0000000017af9000 4728       3       org.jetbrains.kotlin.com.intellij.openapi.util.NotNullLazyKey::getValue (84 bytes)

GC Heap History (10 events):
Event: 3.016 GC heap before
{Heap before GC invocations=5 (full 1):
 PSYoungGen      total 38400K, used 33280K [0x00000000d5c00000, 0x00000000da700000, 0x0000000100000000)
  eden space 33280K, 100% used [0x00000000d5c00000,0x00000000d7c80000,0x00000000d7c80000)
  from space 5120K, 0% used [0x00000000d7c80000,0x00000000d7c80000,0x00000000d8180000)
  to   space 5120K, 0% used [0x00000000da200000,0x00000000da200000,0x00000000da700000)
 ParOldGen       total 68096K, used 9199K [0x0000000081400000, 0x0000000085680000, 0x00000000d5c00000)
  object space 68096K, 13% used [0x0000000081400000,0x0000000081cfbdb0,0x0000000085680000)
 Metaspace       used 24753K, capacity 25254K, committed 25392K, reserved 1071104K
  class space    used 2964K, capacity 3090K, committed 3120K, reserved 1048576K
Event: 3.025 GC heap after
Heap after GC invocations=5 (full 1):
 PSYoungGen      total 51200K, used 5118K [0x00000000d5c00000, 0x00000000da700000, 0x0000000100000000)
  eden space 46080K, 0% used [0x00000000d5c00000,0x00000000d5c00000,0x00000000d8900000)
  from space 5120K, 99% used [0x00000000da200000,0x00000000da6ff8a0,0x00000000da700000)
  to   space 5120K, 0% used [0x00000000d9d00000,0x00000000d9d00000,0x00000000da200000)
 ParOldGen       total 68096K, used 11560K [0x0000000081400000, 0x0000000085680000, 0x00000000d5c00000)
  object space 68096K, 16% used [0x0000000081400000,0x0000000081f4a238,0x0000000085680000)
 Metaspace       used 24753K, capacity 25254K, committed 25392K, reserved 1071104K
  class space    used 2964K, capacity 3090K, committed 3120K, reserved 1048576K
}
Event: 4.055 GC heap before
{Heap before GC invocations=6 (full 1):
 PSYoungGen      total 51200K, used 51198K [0x00000000d5c00000, 0x00000000da700000, 0x0000000100000000)
  eden space 46080K, 100% used [0x00000000d5c00000,0x00000000d8900000,0x00000000d8900000)
  from space 5120K, 99% used [0x00000000da200000,0x00000000da6ff8a0,0x00000000da700000)
  to   space 5120K, 0% used [0x00000000d9d00000,0x00000000d9d00000,0x00000000da200000)
 ParOldGen       total 68096K, used 11560K [0x0000000081400000, 0x0000000085680000, 0x00000000d5c00000)
  object space 68096K, 16% used [0x0000000081400000,0x0000000081f4a238,0x0000000085680000)
 Metaspace       used 32483K, capacity 33009K, committed 33328K, reserved 1079296K
  class space    used 4122K, capacity 4281K, committed 4400K, reserved 1048576K
Event: 4.067 GC heap after
Heap after GC invocations=6 (full 1):
 PSYoungGen      total 68608K, used 5090K [0x00000000d5c00000, 0x00000000db900000, 0x0000000100000000)
  eden space 63488K, 0% used [0x00000000d5c00000,0x00000000d5c00000,0x00000000d9a00000)
  from space 5120K, 99% used [0x00000000d9d00000,0x00000000da1f8918,0x00000000da200000)
  to   space 15872K, 0% used [0x00000000da980000,0x00000000da980000,0x00000000db900000)
 ParOldGen       total 68096K, used 23024K [0x0000000081400000, 0x0000000085680000, 0x00000000d5c00000)
  object space 68096K, 33% used [0x0000000081400000,0x0000000082a7c0a0,0x0000000085680000)
 Metaspace       used 32483K, capacity 33009K, committed 33328K, reserved 1079296K
  class space    used 4122K, capacity 4281K, committed 4400K, reserved 1048576K
}
Event: 4.453 GC heap before
{Heap before GC invocations=7 (full 1):
 PSYoungGen      total 68608K, used 12768K [0x00000000d5c00000, 0x00000000db900000, 0x0000000100000000)
  eden space 63488K, 12% used [0x00000000d5c00000,0x00000000d637f980,0x00000000d9a00000)
  from space 5120K, 99% used [0x00000000d9d00000,0x00000000da1f8918,0x00000000da200000)
  to   space 15872K, 0% used [0x00000000da980000,0x00000000da980000,0x00000000db900000)
 ParOldGen       total 68096K, used 23024K [0x0000000081400000, 0x0000000085680000, 0x00000000d5c00000)
  object space 68096K, 33% used [0x0000000081400000,0x0000000082a7c0a0,0x0000000085680000)
 Metaspace       used 34731K, capacity 35286K, committed 35496K, reserved 1081344K
  class space    used 4426K, capacity 4583K, committed 4656K, reserved 1048576K
Event: 4.469 GC heap after
Heap after GC invocations=7 (full 1):
 PSYoungGen      total 79360K, used 7291K [0x00000000d5c00000, 0x00000000db900000, 0x0000000100000000)
  eden space 63488K, 0% used [0x00000000d5c00000,0x00000000d5c00000,0x00000000d9a00000)
  from space 15872K, 45% used [0x00000000da980000,0x00000000db09ec38,0x00000000db900000)
  to   space 5120K, 0% used [0x00000000d9d00000,0x00000000d9d00000,0x00000000da200000)
 ParOldGen       total 68096K, used 23032K [0x0000000081400000, 0x0000000085680000, 0x00000000d5c00000)
  object space 68096K, 33% used [0x0000000081400000,0x0000000082a7e0a0,0x0000000085680000)
 Metaspace       used 34731K, capacity 35286K, committed 35496K, reserved 1081344K
  class space    used 4426K, capacity 4583K, committed 4656K, reserved 1048576K
}
Event: 4.469 GC heap before
{Heap before GC invocations=8 (full 2):
 PSYoungGen      total 79360K, used 7291K [0x00000000d5c00000, 0x00000000db900000, 0x0000000100000000)
  eden space 63488K, 0% used [0x00000000d5c00000,0x00000000d5c00000,0x00000000d9a00000)
  from space 15872K, 45% used [0x00000000da980000,0x00000000db09ec38,0x00000000db900000)
  to   space 5120K, 0% used [0x00000000d9d00000,0x00000000d9d00000,0x00000000da200000)
 ParOldGen       total 68096K, used 23032K [0x0000000081400000, 0x0000000085680000, 0x00000000d5c00000)
  object space 68096K, 33% used [0x0000000081400000,0x0000000082a7e0a0,0x0000000085680000)
 Metaspace       used 34731K, capacity 35286K, committed 35496K, reserved 1081344K
  class space    used 4426K, capacity 4583K, committed 4656K, reserved 1048576K
Event: 4.623 GC heap after
Heap after GC invocations=8 (full 2):
 PSYoungGen      total 79360K, used 0K [0x00000000d5c00000, 0x00000000db900000, 0x0000000100000000)
  eden space 63488K, 0% used [0x00000000d5c00000,0x00000000d5c00000,0x00000000d9a00000)
  from space 15872K, 0% used [0x00000000da980000,0x00000000da980000,0x00000000db900000)
  to   space 5120K, 0% used [0x00000000d9d00000,0x00000000d9d00000,0x00000000da200000)
 ParOldGen       total 68096K, used 24001K [0x0000000081400000, 0x0000000085680000, 0x00000000d5c00000)
  object space 68096K, 35% used [0x0000000081400000,0x0000000082b706a8,0x0000000085680000)
 Metaspace       used 34731K, capacity 35286K, committed 35496K, reserved 1081344K
  class space    used 4426K, capacity 4583K, committed 4656K, reserved 1048576K
}
Event: 6.679 GC heap before
{Heap before GC invocations=9 (full 2):
 PSYoungGen      total 79360K, used 63488K [0x00000000d5c00000, 0x00000000db900000, 0x0000000100000000)
  eden space 63488K, 100% used [0x00000000d5c00000,0x00000000d9a00000,0x00000000d9a00000)
  from space 15872K, 0% used [0x00000000da980000,0x00000000da980000,0x00000000db900000)
  to   space 5120K, 0% used [0x00000000d9d00000,0x00000000d9d00000,0x00000000da200000)
 ParOldGen       total 68096K, used 24001K [0x0000000081400000, 0x0000000085680000, 0x00000000d5c00000)
  object space 68096K, 35% used [0x0000000081400000,0x0000000082b706a8,0x0000000085680000)
 Metaspace       used 41251K, capacity 41984K, committed 42288K, reserved 1085440K
  class space    used 5117K, capacity 5302K, committed 5424K, reserved 1048576K
Event: 6.700 GC heap after
Heap after GC invocations=9 (full 2):
 PSYoungGen      total 68608K, used 5101K [0x00000000d5c00000, 0x00000000db900000, 0x0000000100000000)
  eden space 63488K, 0% used [0x00000000d5c00000,0x00000000d5c00000,0x00000000d9a00000)
  from space 5120K, 99% used [0x00000000d9d00000,0x00000000da1fb7e8,0x00000000da200000)
  to   space 15872K, 0% used [0x00000000da980000,0x00000000da980000,0x00000000db900000)
 ParOldGen       total 68096K, used 36347K [0x0000000081400000, 0x0000000085680000, 0x00000000d5c00000)
  object space 68096K, 53% used [0x0000000081400000,0x000000008377ee38,0x0000000085680000)
 Metaspace       used 41251K, capacity 41984K, committed 42288K, reserved 1085440K
  class space    used 5117K, capacity 5302K, committed 5424K, reserved 1048576K
}

Deoptimization events (10 events):
Event: 5.999 Thread 0x0000000002e78000 Uncommon trap: reason=unstable_if action=reinterpret pc=0x000000000376d760 method=java.text.StringCharacterIterator.current()C @ 19
Event: 6.458 Thread 0x0000000002e78000 Uncommon trap: reason=null_check action=make_not_entrant pc=0x00000000039b3b98 method=org.jetbrains.kotlin.storage.LockBasedStorageManager$LockBasedLazyValue.invoke()Ljava/lang/Object; @ 6
Event: 6.458 Thread 0x0000000002e78000 Uncommon trap: reason=null_check action=make_not_entrant pc=0x0000000003988078 method=org.jetbrains.kotlin.utils.WrappedValues.unescapeThrowable(Ljava/lang/Object;)Ljava/lang/Object; @ 1
Event: 6.534 Thread 0x0000000002e78000 Uncommon trap: reason=unstable_if action=reinterpret pc=0x000000000388736c method=org.jetbrains.kotlin.name.Name.hashCode()I @ 16
Event: 7.594 Thread 0x0000000002e78000 Uncommon trap: reason=bimorphic action=maybe_recompile pc=0x0000000003d6ad80 method=org.jetbrains.kotlin.types.FlexibleType.getConstructor()Lorg/jetbrains/kotlin/types/TypeConstructor; @ 4
Event: 7.643 Thread 0x0000000002e78000 Uncommon trap: reason=bimorphic action=maybe_recompile pc=0x0000000003d6ad80 method=org.jetbrains.kotlin.types.FlexibleType.getConstructor()Lorg/jetbrains/kotlin/types/TypeConstructor; @ 4
Event: 7.643 Thread 0x0000000002e78000 Uncommon trap: reason=bimorphic action=maybe_recompile pc=0x0000000003d6ad80 method=org.jetbrains.kotlin.types.FlexibleType.getConstructor()Lorg/jetbrains/kotlin/types/TypeConstructor; @ 4
Event: 7.643 Thread 0x0000000002e78000 Uncommon trap: reason=bimorphic action=maybe_recompile pc=0x0000000003d6ad80 method=org.jetbrains.kotlin.types.FlexibleType.getConstructor()Lorg/jetbrains/kotlin/types/TypeConstructor; @ 4
Event: 7.954 Thread 0x0000000002e78000 Uncommon trap: reason=predicate action=maybe_recompile pc=0x0000000003dcb098 method=java.util.ArrayList.indexOf(Ljava/lang/Object;)I @ 44
Event: 8.108 Thread 0x0000000002e78000 Uncommon trap: reason=unstable_if action=reinterpret pc=0x0000000003c232a0 method=org.jetbrains.kotlin.metadata.ProtoBuf$Type.getSerializedSize()I @ 176

Classes redefined (0 events):
No events

Internal exceptions (10 events):
Event: 3.400 Thread 0x0000000002e78000 Exception <a 'java/lang/ArrayIndexOutOfBoundsException': 126> (0x00000000d68c1d28) thrown at [D:\src\AOSP-openjdk-cygwin\jdk8u\hotspot\src\share\vm\interpreter\interpreterRuntime.cpp, line 368]
Event: 3.400 Thread 0x0000000002e78000 Exception <a 'java/lang/ArrayIndexOutOfBoundsException': 86> (0x00000000d68c31b0) thrown at [D:\src\AOSP-openjdk-cygwin\jdk8u\hotspot\src\share\vm\interpreter\interpreterRuntime.cpp, line 368]
Event: 4.153 Thread 0x0000000002e78000 Implicit null exception at 0x000000000367fd37 to 0x000000000367fe65
Event: 4.153 Thread 0x0000000002e78000 Implicit null exception at 0x0000000003679cb7 to 0x0000000003679db9
Event: 4.278 Thread 0x0000000002e78000 Exception <a 'java/lang/NoSuchMethodError': java.lang.Object.lambda$static$0(I)[Lorg/jetbrains/kotlin/psi/KtExpression;> (0x00000000d6182fa0) thrown at [D:\src\AOSP-openjdk-cygwin\jdk8u\hotspot\src\share\vm\interpreter\linkResolver.cpp, line 620]
Event: 5.286 Thread 0x0000000002e78000 Exception <a 'java/lang/NoSuchMethodError': java.lang.Object.lambda$static$0(I)[Lorg/jetbrains/kotlin/com/intellij/psi/PsiClass;> (0x00000000d6e47638) thrown at [D:\src\AOSP-openjdk-cygwin\jdk8u\hotspot\src\share\vm\interpreter\linkResolver.cpp, line 620]
Event: 5.351 Thread 0x0000000002e78000 Exception <a 'java/lang/NoSuchMethodError': java.lang.Object.lambda$static$0(I)[Lorg/jetbrains/kotlin/psi/KtDeclaration;> (0x00000000d7004d38) thrown at [D:\src\AOSP-openjdk-cygwin\jdk8u\hotspot\src\share\vm\interpreter\linkResolver.cpp, line 620]
Event: 5.376 Thread 0x0000000002e78000 Exception <a 'java/lang/NoSuchMethodError': java.lang.Object.lambda$static$0(I)[Lorg/jetbrains/kotlin/psi/KtTypeElement;> (0x00000000d703d818) thrown at [D:\src\AOSP-openjdk-cygwin\jdk8u\hotspot\src\share\vm\interpreter\linkResolver.cpp, line 620]
Event: 6.458 Thread 0x0000000002e78000 Implicit null exception at 0x00000000039b3894 to 0x00000000039b3b89
Event: 6.458 Thread 0x0000000002e78000 Implicit null exception at 0x000000000398802f to 0x000000000398806d

Events (10 events):
Event: 8.098 loading class org/jetbrains/kotlin/storage/LockBasedLazyResolveStorageManager$LockProtectedContext$getDiagnostics$1 done
Event: 8.108 Thread 0x0000000002e78000 Uncommon trap: trap_request=0xffffff65 fr.pc=0x0000000003c232a0
Event: 8.108 Thread 0x0000000002e78000 DEOPT PACKING pc=0x0000000003c232a0 sp=0x0000000002e3c5c0
Event: 8.108 Thread 0x0000000002e78000 DEOPT UNPACKING pc=0x0000000002fb557b sp=0x0000000002e3c588 mode 2
Event: 8.109 loading class org/jetbrains/kotlin/load/java/structure/JavaMethod$DefaultImpls
Event: 8.109 loading class org/jetbrains/kotlin/load/java/structure/JavaMethod$DefaultImpls done
Event: 8.109 loading class org/jetbrains/kotlin/load/java/components/JavaTargetAnnotationDescriptor
Event: 8.109 loading class org/jetbrains/kotlin/load/java/components/JavaTargetAnnotationDescriptor done
Event: 8.110 loading class org/jetbrains/kotlin/load/java/components/JavaTargetAnnotationDescriptor$allValueArguments$2
Event: 8.110 loading class org/jetbrains/kotlin/load/java/components/JavaTargetAnnotationDescriptor$allValueArguments$2 done


Dynamic libraries:
0x00007ff770330000 - 0x00007ff770361000 	P:\Android Studio\jre\jre\bin\java.exe
0x00007ffeb3900000 - 0x00007ffeb3af0000 	C:\Windows\SYSTEM32\ntdll.dll
0x00007ffeb2090000 - 0x00007ffeb2142000 	C:\Windows\System32\KERNEL32.DLL
0x00007ffeb0890000 - 0x00007ffeb0b33000 	C:\Windows\System32\KERNELBASE.dll
0x00007ffeb1f40000 - 0x00007ffeb1fe3000 	C:\Windows\System32\ADVAPI32.dll
0x00007ffeb1ff0000 - 0x00007ffeb208e000 	C:\Windows\System32\msvcrt.dll
0x00007ffeb2150000 - 0x00007ffeb21e7000 	C:\Windows\System32\sechost.dll
0x00007ffeb1e20000 - 0x00007ffeb1f40000 	C:\Windows\System32\RPCRT4.dll
0x00007ffeb3460000 - 0x00007ffeb35f4000 	C:\Windows\System32\USER32.dll
0x00007ffeb1930000 - 0x00007ffeb1951000 	C:\Windows\System32\win32u.dll
0x00007ffeb2b10000 - 0x00007ffeb2b36000 	C:\Windows\System32\GDI32.dll
0x00007ffeb0d50000 - 0x00007ffeb0ee4000 	C:\Windows\System32\gdi32full.dll
0x00007ffeb0ef0000 - 0x00007ffeb0f8e000 	C:\Windows\System32\msvcp_win.dll
0x00007ffeb0bf0000 - 0x00007ffeb0cea000 	C:\Windows\System32\ucrtbase.dll
0x00007ffea0be0000 - 0x00007ffea0e65000 	C:\Windows\WinSxS\amd64_microsoft.windows.common-controls_6595b64144ccf1df_6.0.18362.778_none_e6c6b761130d4fb8\COMCTL32.dll
0x00007ffeb27b0000 - 0x00007ffeb2ae6000 	C:\Windows\System32\combase.dll
0x00007ffeb1760000 - 0x00007ffeb17e0000 	C:\Windows\System32\bcryptPrimitives.dll
0x00007ffeb24f0000 - 0x00007ffeb251e000 	C:\Windows\System32\IMM32.DLL
0x000000006d3d0000 - 0x000000006d4a2000 	P:\Android Studio\jre\jre\bin\msvcr100.dll
0x000000006d590000 - 0x000000006ddd6000 	P:\Android Studio\jre\jre\bin\server\jvm.dll
0x00007ffeb2b40000 - 0x00007ffeb2b48000 	C:\Windows\System32\PSAPI.DLL
0x00007ffea6450000 - 0x00007ffea645a000 	C:\Windows\SYSTEM32\VERSION.dll
0x00007ffeada30000 - 0x00007ffeada54000 	C:\Windows\SYSTEM32\WINMM.dll
0x00007ffeae380000 - 0x00007ffeae389000 	C:\Windows\SYSTEM32\WSOCK32.dll
0x00007ffeb3320000 - 0x00007ffeb338f000 	C:\Windows\System32\WS2_32.dll
0x00007ffeada00000 - 0x00007ffeada2d000 	C:\Windows\SYSTEM32\WINMMBASE.dll
0x00007ffeb1960000 - 0x00007ffeb19aa000 	C:\Windows\System32\cfgmgr32.dll
0x00007ffeae350000 - 0x00007ffeae35f000 	P:\Android Studio\jre\jre\bin\verify.dll
0x00007ffead080000 - 0x00007ffead0a9000 	P:\Android Studio\jre\jre\bin\java.dll
0x00007ffeae330000 - 0x00007ffeae346000 	P:\Android Studio\jre\jre\bin\zip.dll
0x00007ffeb2c30000 - 0x00007ffeb3315000 	C:\Windows\System32\SHELL32.dll
0x00007ffeb25a0000 - 0x00007ffeb2649000 	C:\Windows\System32\shcore.dll
0x00007ffeb0fb0000 - 0x00007ffeb1730000 	C:\Windows\System32\windows.storage.dll
0x00007ffeb0860000 - 0x00007ffeb0883000 	C:\Windows\System32\profapi.dll
0x00007ffeb07d0000 - 0x00007ffeb081a000 	C:\Windows\System32\powrprof.dll
0x00007ffeb07c0000 - 0x00007ffeb07d0000 	C:\Windows\System32\UMPDC.dll
0x00007ffeb2200000 - 0x00007ffeb2252000 	C:\Windows\System32\shlwapi.dll
0x00007ffeb0840000 - 0x00007ffeb0851000 	C:\Windows\System32\kernel.appcore.dll
0x00007ffeb0f90000 - 0x00007ffeb0fa7000 	C:\Windows\System32\cryptsp.dll
0x00007ffead060000 - 0x00007ffead07a000 	P:\Android Studio\jre\jre\bin\net.dll
0x00007ffea3660000 - 0x00007ffea3835000 	C:\Windows\SYSTEM32\urlmon.dll
0x00007ffea33b0000 - 0x00007ffea3656000 	C:\Windows\SYSTEM32\iertutil.dll
0x00007ffeb0200000 - 0x00007ffeb020c000 	C:\Windows\SYSTEM32\CRYPTBASE.DLL
0x00007ffeb0030000 - 0x00007ffeb0097000 	C:\Windows\system32\mswsock.dll
0x00007ffeaa8e0000 - 0x00007ffeaa8f3000 	P:\Android Studio\jre\jre\bin\nio.dll

VM Arguments:
java_command: org.jetbrains.kotlin.cli.jvm.K2JVMCompiler -Xallow-no-source-files -classpath C:\Users\itchy\Desktop\DogWalk\app\build\intermediates\compile_and_runtime_not_namespaced_r_class_jar\debug\R.jar;C:\Users\itchy\.gradle\caches\transforms-2\files-2.1\eef201a677fd6ba02192cea5c38842d7\jetified-kotlin-android-extensions-runtime-1.3.71.jar;C:\Users\itchy\.gradle\caches\transforms-2\files-2.1\340fce32c510604f7b5e25daaf666f8c\jetified-room-ktx-2.2.5-api.jar;C:\Users\itchy\.gradle\caches\transforms-2\files-2.1\0793f1c0f5f8cd532cb1cf653f54ce4f\jetified-kotlin-stdlib-jdk7-1.3.71.jar;C:\Users\itchy\.gradle\caches\transforms-2\files-2.1\0c32b5507cb5115de5b9182cebf02b34\jetified-core-ktx-1.2.0-api.jar;C:\Users\itchy\.gradle\caches\transforms-2\files-2.1\8548e0dcce471135b0764532c9c97542\jetified-lifecycle-viewmodel-ktx-2.2.0-api.jar;C:\Users\itchy\.gradle\caches\transforms-2\files-2.1\3fa1b925e499110d9ff065fcea564185\jetified-fragment-ktx-1.0.0-api.jar;C:\Users\itchy\.gradle\caches\transforms-2\files-2.1\d7ead24c6f0c3c0aa52aa6ab8edb93ca\jetified-kotlinx-coroutines-android-1.3.0.jar;C:\Users\itchy\.gradle\caches\transforms-2\files-2.1\3c83935024af25405810c83d3a01c85c\jetified-kotlinx-coroutines-core-1.3.0.jar;C:\Users\itchy\.gradle\caches\transforms-2\files-2.1\1164ff31d888ce64dd57d08a56aab25c\jetified-kotlin-stdlib-1.3.71.jar;C:\Users\itchy\.gradle\caches\transforms-2\files-2.1\ca5079d12d958b3eadcb7185e2f987fc\jetified-kotlin-stdlib-common-1.3.71.jar;C:\Users\itchy\.gradle\caches\transforms-2\files-2.1\06edc3c5bd8b05f002b44b8dc82c0f73\jetified-annotations-13.0.jar;C:\Users\itchy\.gradle\caches\transforms-2\files-2.1\fc91dc9f85da6b09503a22f5548b2c8b\jetified-dagger-2.17.jar;C:\Users\itchy\.gradle\caches\transforms-2\files-2.1\204cfb7321ff100198c111cf1abc7e28\jetified-javax.inject-1.jar;C:\Users\itchy\.gradle\caches\transforms-2\files-2.1\8d98291854dd19f8f62c68285350a54d\room-runtime-2.2.5-api.jar;C:\Users\itchy\.gradle\caches\modules-2\files-2.1\androidx.room\room-commo
java_class_path (initial): C:\Users\itchy\.gradle\caches\modules-2\files-2.1\org.jetbrains.kotlin\kotlin-compiler-embeddable\1.3.71\df961ae412445788a38170e27f90bad4e0824153\kotlin-compiler-embeddable-1.3.71.jar;C:\Users\itchy\.gradle\caches\modules-2\files-2.1\org.jetbrains.kotlin\kotlin-reflect\1.3.71\fca74670d8e6906a3241b3cf3732409ca77b2508\kotlin-reflect-1.3.71.jar;C:\Users\itchy\.gradle\caches\modules-2\files-2.1\org.jetbrains.kotlin\kotlin-stdlib\1.3.71\898273189ad22779da6bed88ded39b14cb5fd432\kotlin-stdlib-1.3.71.jar;C:\Users\itchy\.gradle\caches\modules-2\files-2.1\org.jetbrains.kotlin\kotlin-script-runtime\1.3.71\7f5522e7a9d1736fabfdb4335630f64504ce8f20\kotlin-script-runtime-1.3.71.jar;C:\Users\itchy\.gradle\caches\modules-2\files-2.1\org.jetbrains.kotlin\kotlin-daemon-embeddable\1.3.71\9729c4da2369c4cb84514297f6c652e05dc49d6b\kotlin-daemon-embeddable-1.3.71.jar;C:\Users\itchy\.gradle\caches\modules-2\files-2.1\org.jetbrains.intellij.deps\trove4j\1.0.20181211\216c2e14b070f334479d800987affe4054cd563f\trove4j-1.0.20181211.jar;C:\Users\itchy\.gradle\caches\modules-2\files-2.1\org.jetbrains.kotlin\kotlin-stdlib-common\1.3.71\e71c3fef58e26affeb03d675e91fd8abdd44aa7b\kotlin-stdlib-common-1.3.71.jar;C:\Users\itchy\.gradle\caches\modules-2\files-2.1\org.jetbrains\annotations\13.0\919f0dfe192fb4e063e7dacadee7f8bb9a2672a9\annotations-13.0.jar;P:\Android Studio\jre\lib\tools.jar
Launcher Type: SUN_STANDARD

Environment Variables:
JAVA_HOME=P:\Java JDK
PATH=C:\Windows\system32;C:\Windows;C:\Windows\System32\Wbem;C:\Windows\System32\WindowsPowerShell\v1.0\;C:\Windows\System32\OpenSSH\;P:\Git\cmd;C:\Users\itchy\AppData\Local\Microsoft\WindowsApps;;P:\IntelliJ IDEA 2018.3.2\bin;
USERNAME=itchy
OS=Windows_NT
PROCESSOR_IDENTIFIER=Intel64 Family 6 Model 61 Stepping 4, GenuineIntel



---------------  S Y S T E M  ---------------

OS: Windows 10.0 , 64 bit Build 18362 (10.0.18362.778)

CPU:total 4 (initial active 4) (2 cores per cpu, 2 threads per core) family 6 model 61 stepping 4, cmov, cx8, fxsr, mmx, sse, sse2, sse3, ssse3, sse4.1, sse4.2, popcnt, avx, avx2, aes, clmul, erms, 3dnowpref, lzcnt, ht, tsc, tscinvbit, bmi1, bmi2, adx

Memory: 4k page, physical 8301008k(1414200k free), swap 10365392k(4312k free)

vm_info: OpenJDK 64-Bit Server VM (25.212-b04) for windows-amd64 JRE (1.8.0_212-release-1586-b04), built by "builder" with MS VC++ 10.0 (VS2010)

time: Tue May 05 04:34:35 2020
timezone: Беларусь (зима)
elapsed time: 8 seconds (0d 0h 0m 8s)

